[00:31:50] [ServerMain/INFO]: Environment: Environment[accountsHost=https://api.mojang.com, sessionHost=https://sessionserver.mojang.com, servicesHost=https://api.minecraftservices.com, name=PROD]
[00:32:01] [ServerMain/INFO]: Loaded 1174 recipes
[00:32:02] [ServerMain/INFO]: Loaded 1271 advancements
[00:32:05] [Server thread/INFO]: Starting minecraft server version 1.20.2
[00:32:05] [Server thread/WARN]: ****************************
[00:32:05] [Server thread/WARN]: YOU ARE RUNNING THIS SERVER AS AN ADMINISTRATIVE OR ROOT USER. THIS IS NOT ADVISED.
[00:32:05] [Server thread/WARN]: YOU ARE OPENING YOURSELF UP TO POTENTIAL RISKS WHEN DOING THIS.
[00:32:05] [Server thread/WARN]: FOR MORE INFORMATION, SEE https://madelinemiller.dev/blog/root-minecraft-server/
[00:32:05] [Server thread/WARN]: ****************************
[00:32:05] [Server thread/INFO]: Loading properties
[00:32:05] [Server thread/INFO]: This server is running Paper version git-Paper-318 (MC: 1.20.2) (Implementing API version 1.20.2-R0.1-SNAPSHOT) (Git: 9271ee7)
[00:32:11] [Server thread/INFO]: Server Ping Player Sample Count: 12
[00:32:11] [Server thread/INFO]: Using 4 threads for Netty based IO
[00:32:12] [Server thread/WARN]: [!] The timings profiler has been enabled but has been scheduled for removal from Paper in the future.
    We recommend installing the spark profiler as a replacement: https://spark.lucko.me/
    For more information please visit: https://github.com/PaperMC/Paper/issues/8948
[00:32:12] [Server thread/INFO]: [ChunkTaskScheduler] Chunk system is using 1 I/O threads, 1 worker threads, and gen parallelism of 1 threads
[00:32:14] [Server thread/INFO]: Default game type: SURVIVAL
[00:32:14] [Server thread/INFO]: Generating keypair
[00:32:15] [Server thread/INFO]: Starting Minecraft server on *:50002
[00:32:16] [Server thread/INFO]: Using epoll channel type
[00:32:16] [Server thread/INFO]: Paper: Using libdeflate (Linux x86_64) compression from Velocity.
[00:32:16] [Server thread/INFO]: Paper: Using OpenSSL 3.0.x (Linux x86_64) cipher from Velocity.
[00:32:17] [Server thread/INFO]: [HuskSync] Loading server plugin HuskSync v3.6.8-unknown
[00:32:18] [Server thread/INFO]: [HuskSync] Initializing plugin config & locale files...
[00:32:19] [Server thread/INFO]: [HuskSync] Successfully initialized plugin config & locale files
[00:32:19] [Server thread/INFO]: Server permissions file permissions.yml is empty, ignoring it
[00:32:19] [Server thread/WARN]: **** SERVER IS RUNNING IN OFFLINE/INSECURE MODE!
[00:32:19] [Server thread/WARN]: The server will make no attempt to authenticate usernames. Beware.
[00:32:19] [Server thread/WARN]: Whilst this makes it possible to use Velocity, unless access to your server is properly restricted, it also opens up the ability for hackers to connect with any username they choose.
[00:32:19] [Server thread/WARN]: Please see https://docs.papermc.io/velocity/security for further information.
[00:32:19] [Server thread/WARN]: To change this, set "online-mode" to "true" in the server.properties file.
[00:32:19] [Server thread/INFO]: Preparing level "world"
[00:32:24] [Server thread/INFO]: Preparing start region for dimension minecraft:overworld
[00:32:26] [Server thread/INFO]: Time elapsed: 1596 ms
[00:32:26] [Server thread/INFO]: Preparing start region for dimension minecraft:the_nether
[00:32:26] [Server thread/INFO]: Time elapsed: 459 ms
[00:32:26] [Server thread/INFO]: Preparing start region for dimension minecraft:the_end
[00:32:26] [Server thread/INFO]: Time elapsed: 372 ms
[00:32:26] [Server thread/INFO]: [HuskSync] Enabling HuskSync v3.6.8-unknown
[00:32:31] [Server thread/INFO]: [HuskSync] Initializing commands...
[00:32:32] [Server thread/INFO]: [HuskSync] Successfully initialized commands
[00:32:32] [Server thread/INFO]: [HuskSync] Initializing data adapter...
[00:32:32] [Server thread/INFO]: [HuskSync] Successfully initialized data adapter
[00:32:32] [Server thread/INFO]: [HuskSync] Initializing data serializers...
[00:32:32] [Server thread/INFO]: [HuskSync] Successfully initialized data serializers
[00:32:32] [Server thread/INFO]: [HuskSync] Initializing data migrators/converters...
[00:32:32] [Server thread/INFO]: [HuskSync] Successfully initialized data migrators/converters
[00:32:32] [Server thread/INFO]: [HuskSync] Initializing MySQL database connection...
[00:32:32] [Server thread/INFO]: [net.william278.husksync.libraries.hikari.HikariDataSource] HuskSyncHikariPool - Starting...
[00:32:35] [Server thread/INFO]: [net.william278.husksync.libraries.hikari.pool.HikariPool] HuskSyncHikariPool - Added connection com.mysql.cj.jdbc.ConnectionImpl@6589204c
[00:32:35] [Server thread/INFO]: [net.william278.husksync.libraries.hikari.HikariDataSource] HuskSyncHikariPool - Start completed.
[00:32:35] [Server thread/INFO]: [HuskSync] Successfully initialized MySQL database connection
[00:32:35] [Server thread/INFO]: [HuskSync] Initializing Redis server connection...
[00:32:36] [Server thread/INFO]: [HuskSync] Successfully initialized Redis server connection
[00:32:36] [Server thread/INFO]: [HuskSync] Initializing data syncer...
[00:32:36] [Server thread/INFO]: [HuskSync] Successfully initialized data syncer
[00:32:36] [Server thread/INFO]: [HuskSync] Initializing events...
[00:32:36] [husksync:redis_subscriber/INFO]: [HuskSync] Redis subscribed to channel 'husksync:::update_user_data'
[00:32:36] [husksync:redis_subscriber/INFO]: [HuskSync] Redis subscribed to channel 'husksync:::request_user_data'
[00:32:36] [husksync:redis_subscriber/INFO]: [HuskSync] Redis subscribed to channel 'husksync:::return_user_data'
[00:32:37] [Server thread/INFO]: [HuskSync] Successfully initialized events
[00:32:37] [Server thread/INFO]: [HuskSync] Initializing hooks...
[00:32:37] [Server thread/INFO]: [HuskSync] Successfully initialized hooks
[00:32:37] [Server thread/INFO]: [HuskSync] Initializing api...
[00:32:37] [Server thread/INFO]: [HuskSync] Successfully initialized api
[00:32:37] [Server thread/INFO]: [HuskSync] Initializing metrics...
[00:32:37] [Server thread/INFO]: [HuskSync] Successfully initialized metrics
[00:32:37] [Server thread/INFO]: Running delayed init tasks
[00:32:37] [Server thread/INFO]: Done (32.492s)! For help, type "help"
[00:32:37] [Server thread/INFO]: Timings Reset
[00:33:07] [Server thread/WARN]: Can't keep up! Is the server overloaded? Running 5092ms or 101 ticks behind
[00:33:47] [Server thread/WARN]: Can't keep up! Is the server overloaded? Running 10240ms or 204 ticks behind
[00:34:45] [User Authenticator #0/INFO]: UUID of player seokseoki is ae388134-84e1-4059-8523-37342cab710d
[00:34:47] [Server thread/INFO]: seokseoki joined the game
[00:34:47] [Server thread/INFO]: seokseoki[/118.218.200.33:41976] logged in with entity id 247 at ([world]28.72082092683061, 128.0, -31.71687599393127)
[00:34:48] [Craft Scheduler Thread - 5 - HuskSync/INFO]: [NBTAPI] [NBTAPI] Found Minecraft: v1_20_R2! Trying to find NMS support
[00:34:48] [Craft Scheduler Thread - 5 - HuskSync/INFO]: [NBTAPI] [NBTAPI] NMS support 'MC1_20_R2' loaded!
[00:34:48] [Craft Scheduler Thread - 5 - HuskSync/INFO]: [NBTAPI] [NBTAPI] Using the plugin 'HuskSync' to create a bStats instance!
[00:34:56] [Server thread/INFO]: seokseoki lost connection: Disconnected
[00:34:56] [Server thread/INFO]: seokseoki left the game
[00:35:02] [Server thread/INFO]: Stopping server
[00:35:02] [Server thread/INFO]: [HuskSync] Disabling HuskSync v3.6.8-unknown
[00:35:02] [Server thread/INFO]: [net.william278.husksync.libraries.hikari.HikariDataSource] HuskSyncHikariPool - Shutdown initiated...
[00:35:02] [Server thread/INFO]: [net.william278.husksync.libraries.hikari.HikariDataSource] HuskSyncHikariPool - Shutdown completed.
[00:35:02] [Server thread/INFO]: [HuskSync] Successfully disabled HuskSync v3.6.8-unknown
[00:35:02] [husksync:redis_subscriber/INFO]: [HuskSync] Redis unsubscribed from channel 'husksync:::request_user_data'
[00:35:02] [husksync:redis_subscriber/INFO]: [HuskSync] Redis unsubscribed from channel 'husksync:::update_user_data'
[00:35:02] [husksync:redis_subscriber/INFO]: [HuskSync] Redis unsubscribed from channel 'husksync:::return_user_data'
[00:35:02] [Server thread/INFO]: Saving players
[00:35:02] [Server thread/INFO]: Saving worlds
[00:35:02] [Server thread/INFO]: Saving chunks for level 'ServerLevel[world]'/minecraft:overworld
[00:35:02] [Server thread/INFO]: [ChunkHolderManager] Waiting 60s for chunk system to halt for world 'world'
[00:35:02] [Server thread/INFO]: [ChunkHolderManager] Halted chunk system for world 'world'
[00:35:02] [Server thread/INFO]: [ChunkHolderManager] Saving all chunkholders for world 'world'
